#
# There is insufficient memory for the Java Runtime Environment to continue.
# Native memory allocation (malloc) failed to allocate 151056 bytes for Chunk::new
# Possible reasons:
#   The system is out of physical RAM or swap space
#   The process is running with CompressedOops enabled, and the Java Heap may be blocking the growth of the native heap
# Possible solutions:
#   Reduce memory load on the system
#   Increase physical memory or swap space
#   Check if swap backing store is full
#   Decrease Java heap size (-Xmx/-Xms)
#   Decrease number of Java threads
#   Decrease Java thread stack sizes (-Xss)
#   Set larger code cache with -XX:ReservedCodeCacheSize=
#   JVM is running with Unscaled Compressed Oops mode in which the Java heap is
#     placed in the first 4GB address space. The Java Heap base address is the
#     maximum limit for the native heap growth. Please use -XX:HeapBaseMinAddress
#     to set the Java Heap base and to place the Java Heap above 4GB virtual address.
# This output file may be truncated or incomplete.
#
#  Out of Memory Error (allocation.cpp:389), pid=13808, tid=0x0000000000002448
#
# JRE version: Java(TM) SE Runtime Environment (8.0_221-b11) (build 1.8.0_221-b11)
# Java VM: Java HotSpot(TM) 64-Bit Server VM (25.221-b11 mixed mode windows-amd64 compressed oops)
# Failed to write core dump. Minidumps are not enabled by default on client versions of Windows
#

---------------  T H R E A D  ---------------

Current thread (0x0000000018af5800):  JavaThread "C2 CompilerThread1" daemon [_thread_in_native, id=9288, stack(0x00000000192c0000,0x00000000193c0000)]

Stack: [0x00000000192c0000,0x00000000193c0000]
[error occurred during error reporting (printing stack bounds), id 0xc0000005]

Native frames: (J=compiled Java code, j=interpreted, Vv=VM code, C=native code)


Current CompileTask:
C2:   2085 1159   !   4       java.lang.ClassLoader::loadClass (122 bytes)


---------------  P R O C E S S  ---------------

Java Threads: ( => current thread )
  0x0000000018b86800 JavaThread "Service Thread" daemon [_thread_blocked, id=7196, stack(0x00000000194c0000,0x00000000195c0000)]
  0x0000000018b00800 JavaThread "C1 CompilerThread2" daemon [_thread_in_vm, id=15680, stack(0x00000000193c0000,0x00000000194c0000)]
=>0x0000000018af5800 JavaThread "C2 CompilerThread1" daemon [_thread_in_native, id=9288, stack(0x00000000192c0000,0x00000000193c0000)]
  0x0000000018af2800 JavaThread "C2 CompilerThread0" daemon [_thread_blocked, id=5516, stack(0x00000000191c0000,0x00000000192c0000)]
  0x0000000018af0000 JavaThread "Monitor Ctrl-Break" daemon [_thread_in_native, id=8188, stack(0x00000000190c0000,0x00000000191c0000)]
  0x000000001771f800 JavaThread "Attach Listener" daemon [_thread_blocked, id=17984, stack(0x0000000018fc0000,0x00000000190c0000)]
  0x0000000018ac8800 JavaThread "Signal Dispatcher" daemon [_thread_blocked, id=1144, stack(0x0000000018ec0000,0x0000000018fc0000)]
  0x0000000002b5d000 JavaThread "Finalizer" daemon [_thread_blocked, id=8552, stack(0x0000000018960000,0x0000000018a60000)]
  0x00000000176fa000 JavaThread "Reference Handler" daemon [_thread_blocked, id=15428, stack(0x0000000018860000,0x0000000018960000)]
  0x0000000002a62800 JavaThread "main" [_thread_in_Java, id=18372, stack(0x0000000002860000,0x0000000002960000)]

Other Threads:
  0x00000000176d7800 VMThread [stack: 0x0000000018760000,0x0000000018860000] [id=3760]
  0x0000000018b8d800 WatcherThread [stack: 0x00000000195c0000,0x00000000196c0000] [id=16032]

VM state:not at safepoint (normal execution)

VM Mutex/Monitor currently owned by a thread: None

heap address: 0x0000000080c00000, size: 2036 MB, Compressed Oops mode: 32-bit
Narrow klass base: 0x0000000000000000, Narrow klass shift: 3
Compressed class space size: 1073741824 Address: 0x0000000100000000

Heap:
 PSYoungGen      total 38400K, used 21186K [0x00000000d5980000, 0x00000000da480000, 0x0000000100000000)
  eden space 33280K, 48% used [0x00000000d5980000,0x00000000d6938040,0x00000000d7a00000)
  from space 5120K, 99% used [0x00000000d7f00000,0x00000000d83f8ab8,0x00000000d8400000)
  to   space 5120K, 0% used [0x00000000d7a00000,0x00000000d7a00000,0x00000000d7f00000)
 ParOldGen       total 87552K, used 1250K [0x0000000080c00000, 0x0000000086180000, 0x00000000d5980000)
  object space 87552K, 1% used [0x0000000080c00000,0x0000000080d38b70,0x0000000086180000)
 Metaspace       used 13029K, capacity 13284K, committed 13568K, reserved 1060864K
  class space    used 1606K, capacity 1675K, committed 1792K, reserved 1048576K

Card table byte_map: [0x0000000011f20000,0x0000000012320000] byte_map_base: 0x0000000011b1a000

Marking Bits: (ParMarkBitMap*) 0x00000000704f5ce0
 Begin Bits: [0x00000000129d0000, 0x00000000149a0000)
 End Bits:   [0x00000000149a0000, 0x0000000016970000)

Polling page: 0x0000000000b70000

CodeCache: size=245760Kb used=4525Kb max_used=4525Kb free=241234Kb
 bounds [0x0000000002b60000, 0x0000000002fd0000, 0x0000000011b60000]
 total_blobs=1555 nmethods=1205 adapters=261
 compilation: enabled

Compilation events (10 events):
Event: 2.079 Thread 0x0000000018af2800 1200       4       com.google.common.base.Preconditions::checkNotNull (18 bytes)
Event: 2.080 Thread 0x0000000018af2800 nmethod 1200 0x0000000002fb6090 code [0x0000000002fb61c0, 0x0000000002fb6218]
Event: 2.080 Thread 0x0000000018b00800 nmethod 1195 0x0000000002fc3a10 code [0x0000000002fc3c20, 0x0000000002fc4518]
Event: 2.080 Thread 0x0000000018b00800 1196       3       com.google.common.cache.LocalCache$LocalLoadingCache::get (9 bytes)
Event: 2.080 Thread 0x0000000018b00800 nmethod 1196 0x0000000002fc2b90 code [0x0000000002fc2d60, 0x0000000002fc3458]
Event: 2.080 Thread 0x0000000018b00800 1197       3       com.google.common.cache.LocalCache::getOrLoad (10 bytes)
Event: 2.081 Thread 0x0000000018b00800 nmethod 1197 0x0000000002fc4e10 code [0x0000000002fc4fe0, 0x0000000002fc5658]
Event: 2.081 Thread 0x0000000018b00800 1201       3       com.google.common.cache.LocalCache$Segment::getEntry (73 bytes)
Event: 2.082 Thread 0x0000000018b00800 nmethod 1201 0x0000000002fc5b10 code [0x0000000002fc5dc0, 0x0000000002fc7278]
Event: 2.082 Thread 0x0000000018b00800 1198   !   3       com.google.common.cache.LocalCache$Segment::get (210 bytes)

GC Heap History (4 events):
Event: 1.483 GC heap before
{Heap before GC invocations=1 (full 0):
 PSYoungGen      total 38400K, used 33280K [0x00000000d5980000, 0x00000000d8400000, 0x0000000100000000)
  eden space 33280K, 100% used [0x00000000d5980000,0x00000000d7a00000,0x00000000d7a00000)
  from space 5120K, 0% used [0x00000000d7f00000,0x00000000d7f00000,0x00000000d8400000)
  to   space 5120K, 0% used [0x00000000d7a00000,0x00000000d7a00000,0x00000000d7f00000)
 ParOldGen       total 87552K, used 0K [0x0000000080c00000, 0x0000000086180000, 0x00000000d5980000)
  object space 87552K, 0% used [0x0000000080c00000,0x0000000080c00000,0x0000000086180000)
 Metaspace       used 8820K, capacity 9032K, committed 9088K, reserved 1056768K
  class space    used 1043K, capacity 1116K, committed 1152K, reserved 1048576K
Event: 1.490 GC heap after
Heap after GC invocations=1 (full 0):
 PSYoungGen      total 38400K, used 5114K [0x00000000d5980000, 0x00000000d8400000, 0x0000000100000000)
  eden space 33280K, 0% used [0x00000000d5980000,0x00000000d5980000,0x00000000d7a00000)
  from space 5120K, 99% used [0x00000000d7a00000,0x00000000d7efe9d0,0x00000000d7f00000)
  to   space 5120K, 0% used [0x00000000d7f00000,0x00000000d7f00000,0x00000000d8400000)
 ParOldGen       total 87552K, used 224K [0x0000000080c00000, 0x0000000086180000, 0x00000000d5980000)
  object space 87552K, 0% used [0x0000000080c00000,0x0000000080c38018,0x0000000086180000)
 Metaspace       used 8820K, capacity 9032K, committed 9088K, reserved 1056768K
  class space    used 1043K, capacity 1116K, committed 1152K, reserved 1048576K
}
Event: 1.851 GC heap before
{Heap before GC invocations=2 (full 0):
 PSYoungGen      total 38400K, used 38394K [0x00000000d5980000, 0x00000000d8400000, 0x0000000100000000)
  eden space 33280K, 100% used [0x00000000d5980000,0x00000000d7a00000,0x00000000d7a00000)
  from space 5120K, 99% used [0x00000000d7a00000,0x00000000d7efe9d0,0x00000000d7f00000)
  to   space 5120K, 0% used [0x00000000d7f00000,0x00000000d7f00000,0x00000000d8400000)
 ParOldGen       total 87552K, used 224K [0x0000000080c00000, 0x0000000086180000, 0x00000000d5980000)
  object space 87552K, 0% used [0x0000000080c00000,0x0000000080c38018,0x0000000086180000)
 Metaspace       used 11417K, capacity 11668K, committed 11776K, reserved 1058816K
  class space    used 1384K, capacity 1481K, committed 1536K, reserved 1048576K
Event: 1.857 GC heap after
Heap after GC invocations=2 (full 0):
 PSYoungGen      total 38400K, used 5090K [0x00000000d5980000, 0x00000000da480000, 0x0000000100000000)
  eden space 33280K, 0% used [0x00000000d5980000,0x00000000d5980000,0x00000000d7a00000)
  from space 5120K, 99% used [0x00000000d7f00000,0x00000000d83f8ab8,0x00000000d8400000)
  to   space 5120K, 0% used [0x00000000d7a00000,0x00000000d7a00000,0x00000000d7f00000)
 ParOldGen       total 87552K, used 1250K [0x0000000080c00000, 0x0000000086180000, 0x00000000d5980000)
  object space 87552K, 1% used [0x0000000080c00000,0x0000000080d38b70,0x0000000086180000)
 Metaspace       used 11417K, capacity 11668K, committed 11776K, reserved 1058816K
  class space    used 1384K, capacity 1481K, committed 1536K, reserved 1048576K
}

Deoptimization events (8 events):
Event: 0.258 Thread 0x0000000002a62800 Uncommon trap: reason=unstable_if action=reinterpret pc=0x0000000002cd2b58 method=sun.nio.cs.UTF_8$Encoder.encode([CII[B)I @ 33
Event: 1.134 Thread 0x0000000002a62800 Uncommon trap: reason=unstable_if action=reinterpret pc=0x0000000002d73664 method=org.codehaus.plexus.util.xml.pull.MXParser.more()C @ 8
Event: 1.519 Thread 0x0000000002a62800 Uncommon trap: reason=unstable_if action=reinterpret pc=0x0000000002e5b02c method=sun.nio.cs.StreamDecoder.implRead([CII)I @ 197
Event: 1.521 Thread 0x0000000002a62800 Uncommon trap: reason=unstable_if action=reinterpret pc=0x0000000002e697e4 method=org.codehaus.plexus.util.xml.pull.MXParser.nextImpl()I @ 241
Event: 1.602 Thread 0x0000000002a62800 Uncommon trap: reason=range_check action=make_not_entrant pc=0x0000000002eb6720 method=sun.reflect.generics.parser.SignatureParser.current()C @ 34
Event: 1.602 Thread 0x0000000002a62800 Uncommon trap: reason=unstable_if action=reinterpret pc=0x0000000002df9638 method=java.util.HashMap.getNode(ILjava/lang/Object;)Ljava/util/HashMap$Node; @ 129
Event: 1.606 Thread 0x0000000002a62800 Uncommon trap: reason=unstable_if action=reinterpret pc=0x0000000002e0fc7c method=java.util.HashMap.getNode(ILjava/lang/Object;)Ljava/util/HashMap$Node; @ 129
Event: 1.696 Thread 0x0000000002a62800 Uncommon trap: reason=bimorphic action=maybe_recompile pc=0x0000000002ed58dc method=java.util.HashMap.putVal(ILjava/lang/Object;Ljava/lang/Object;ZZ)Ljava/lang/Object; @ 203

Classes redefined (0 events):
No events

Internal exceptions (10 events):
Event: 0.236 Thread 0x0000000002a62800 Exception <a 'java/security/PrivilegedActionException'> (0x00000000d5ebebe0) thrown at [C:\re\workspace\8-2-build-windows-amd64-cygwin\jdk8u221\13320\hotspot\src\share\vm\prims\jvm.cpp, line 1502]
Event: 0.236 Thread 0x0000000002a62800 Exception <a 'java/security/PrivilegedActionException'> (0x00000000d5ebefd8) thrown at [C:\re\workspace\8-2-build-windows-amd64-cygwin\jdk8u221\13320\hotspot\src\share\vm\prims\jvm.cpp, line 1502]
Event: 0.237 Thread 0x0000000002a62800 Exception <a 'java/security/PrivilegedActionException'> (0x00000000d5ec30d0) thrown at [C:\re\workspace\8-2-build-windows-amd64-cygwin\jdk8u221\13320\hotspot\src\share\vm\prims\jvm.cpp, line 1502]
Event: 0.237 Thread 0x0000000002a62800 Exception <a 'java/security/PrivilegedActionException'> (0x00000000d5ec34c8) thrown at [C:\re\workspace\8-2-build-windows-amd64-cygwin\jdk8u221\13320\hotspot\src\share\vm\prims\jvm.cpp, line 1502]
Event: 1.417 Thread 0x0000000002a62800 Exception <a 'java/lang/ArrayIndexOutOfBoundsException'> (0x00000000d7410a50) thrown at [C:\re\workspace\8-2-build-windows-amd64-cygwin\jdk8u221\13320\hotspot\src\share\vm\runtime\sharedRuntime.cpp, line 605]
Event: 1.419 Thread 0x0000000002a62800 Exception <a 'java/lang/ArrayIndexOutOfBoundsException'> (0x00000000d7431298) thrown at [C:\re\workspace\8-2-build-windows-amd64-cygwin\jdk8u221\13320\hotspot\src\share\vm\runtime\sharedRuntime.cpp, line 605]
Event: 1.424 Thread 0x0000000002a62800 Exception <a 'java/lang/ArrayIndexOutOfBoundsException'> (0x00000000d74793a0) thrown at [C:\re\workspace\8-2-build-windows-amd64-cygwin\jdk8u221\13320\hotspot\src\share\vm\runtime\sharedRuntime.cpp, line 605]
Event: 1.539 Thread 0x0000000002a62800 Exception <a 'java/lang/ArrayIndexOutOfBoundsException'> (0x00000000d6097188) thrown at [C:\re\workspace\8-2-build-windows-amd64-cygwin\jdk8u221\13320\hotspot\src\share\vm\runtime\sharedRuntime.cpp, line 605]
Event: 1.540 Thread 0x0000000002a62800 Exception <a 'java/lang/ArrayIndexOutOfBoundsException'> (0x00000000d609bae8) thrown at [C:\re\workspace\8-2-build-windows-amd64-cygwin\jdk8u221\13320\hotspot\src\share\vm\runtime\sharedRuntime.cpp, line 605]
Event: 1.602 Thread 0x0000000002a62800 Exception <a 'java/lang/ArrayIndexOutOfBoundsException': 66> (0x00000000d637e670) thrown at [C:\re\workspace\8-2-build-windows-amd64-cygwin\jdk8u221\13320\hotspot\src\share\vm\interpreter\interpreterRuntime.cpp, line 368]

Events (10 events):
Event: 2.071 loading class com/google/inject/internal/InternalFactoryToProviderAdapter
Event: 2.071 loading class com/google/inject/internal/InternalFactoryToProviderAdapter done
Event: 2.073 loading class com/google/inject/internal/FactoryProxy
Event: 2.073 loading class com/google/inject/internal/FactoryProxy done
Event: 2.074 loading class com/google/inject/internal/InternalProviderInstanceBindingImpl$Factory
Event: 2.074 loading class com/google/inject/internal/InternalProviderInstanceBindingImpl$Factory done
Event: 2.074 loading class com/google/inject/internal/InternalFactoryToInitializableAdapter
Event: 2.074 loading class com/google/inject/internal/InternalFactoryToInitializableAdapter done
Event: 2.074 loading class com/google/inject/internal/ProviderInternalFactory
Event: 2.074 loading class com/google/inject/internal/ProviderInternalFactory done


Dynamic libraries:
0x00007ff7bfc80000 - 0x00007ff7bfcb7000 	C:\Program Files\Java\jdk1.8.0_221\bin\java.exe
0x00007ffc3bde0000 - 0x00007ffc3bfd0000 	C:\WINDOWS\SYSTEM32\ntdll.dll
0x00007ffc3a440000 - 0x00007ffc3a4f2000 	C:\WINDOWS\System32\KERNEL32.DLL
0x00007ffc39910000 - 0x00007ffc39bb4000 	C:\WINDOWS\System32\KERNELBASE.dll
0x00007ffc3b280000 - 0x00007ffc3b323000 	C:\WINDOWS\System32\ADVAPI32.dll
0x00007ffc3b340000 - 0x00007ffc3b3de000 	C:\WINDOWS\System32\msvcrt.dll
0x00007ffc3b170000 - 0x00007ffc3b207000 	C:\WINDOWS\System32\sechost.dll
0x00007ffc3a320000 - 0x00007ffc3a440000 	C:\WINDOWS\System32\RPCRT4.dll
0x00007ffc3a180000 - 0x00007ffc3a314000 	C:\WINDOWS\System32\USER32.dll
0x00007ffc39bc0000 - 0x00007ffc39be1000 	C:\WINDOWS\System32\win32u.dll
0x00007ffc3b0e0000 - 0x00007ffc3b106000 	C:\WINDOWS\System32\GDI32.dll
0x00007ffc38f00000 - 0x00007ffc39096000 	C:\WINDOWS\System32\gdi32full.dll
0x00007ffc38d60000 - 0x00007ffc38dfe000 	C:\WINDOWS\System32\msvcp_win.dll
0x00007ffc38e00000 - 0x00007ffc38efa000 	C:\WINDOWS\System32\ucrtbase.dll
0x00007ffc29a70000 - 0x00007ffc29cf4000 	C:\WINDOWS\WinSxS\amd64_microsoft.windows.common-controls_6595b64144ccf1df_6.0.18362.959_none_e6c7bbbf130c62bb\COMCTL32.dll
0x00007ffc3a630000 - 0x00007ffc3a965000 	C:\WINDOWS\System32\combase.dll
0x00007ffc39890000 - 0x00007ffc39910000 	C:\WINDOWS\System32\bcryptPrimitives.dll
0x00007ffc3a030000 - 0x00007ffc3a05e000 	C:\WINDOWS\System32\IMM32.DLL
0x0000000071bf0000 - 0x0000000071cc2000 	C:\Program Files\Java\jdk1.8.0_221\jre\bin\msvcr100.dll
0x000000006fcd0000 - 0x0000000070575000 	C:\Program Files\Java\jdk1.8.0_221\jre\bin\server\jvm.dll
0x00007ffc3bd90000 - 0x00007ffc3bd98000 	C:\WINDOWS\System32\PSAPI.DLL
0x00007ffc20a30000 - 0x00007ffc20a39000 	C:\WINDOWS\SYSTEM32\WSOCK32.dll
0x00007ffc36a80000 - 0x00007ffc36aa4000 	C:\WINDOWS\SYSTEM32\WINMM.dll
0x00007ffc3a110000 - 0x00007ffc3a17f000 	C:\WINDOWS\System32\WS2_32.dll
0x00007ffc31ea0000 - 0x00007ffc31eaa000 	C:\WINDOWS\SYSTEM32\VERSION.dll
0x00007ffc36a20000 - 0x00007ffc36a4d000 	C:\WINDOWS\SYSTEM32\WINMMBASE.dll
0x00007ffc39cd0000 - 0x00007ffc39d1a000 	C:\WINDOWS\System32\cfgmgr32.dll
0x00007ffc2e360000 - 0x00007ffc2e36f000 	C:\Program Files\Java\jdk1.8.0_221\jre\bin\verify.dll
0x00007ffc2e280000 - 0x00007ffc2e2a9000 	C:\Program Files\Java\jdk1.8.0_221\jre\bin\java.dll
0x00007ffc2dec0000 - 0x00007ffc2dee3000 	C:\Program Files\Java\jdk1.8.0_221\jre\bin\instrument.dll
0x00007ffc2e150000 - 0x00007ffc2e166000 	C:\Program Files\Java\jdk1.8.0_221\jre\bin\zip.dll
0x00007ffc3b6a0000 - 0x00007ffc3bd86000 	C:\WINDOWS\System32\SHELL32.dll
0x00007ffc3a500000 - 0x00007ffc3a5a9000 	C:\WINDOWS\System32\shcore.dll
0x00007ffc390a0000 - 0x00007ffc39822000 	C:\WINDOWS\System32\windows.storage.dll
0x00007ffc38cc0000 - 0x00007ffc38ce3000 	C:\WINDOWS\System32\profapi.dll
0x00007ffc38d10000 - 0x00007ffc38d5a000 	C:\WINDOWS\System32\powrprof.dll
0x00007ffc38c90000 - 0x00007ffc38ca0000 	C:\WINDOWS\System32\UMPDC.dll
0x00007ffc39fd0000 - 0x00007ffc3a022000 	C:\WINDOWS\System32\shlwapi.dll
0x00007ffc38cf0000 - 0x00007ffc38d01000 	C:\WINDOWS\System32\kernel.appcore.dll
0x00007ffc39d20000 - 0x00007ffc39d37000 	C:\WINDOWS\System32\cryptsp.dll
0x00007ffc2dea0000 - 0x00007ffc2deba000 	E:\IntelliJ IDEA 2019.3.3\bin\breakgen64.dll
0x00007ffc2de20000 - 0x00007ffc2de3a000 	C:\Program Files\Java\jdk1.8.0_221\jre\bin\net.dll
0x00007ffc2aab0000 - 0x00007ffc2ac86000 	C:\WINDOWS\SYSTEM32\urlmon.dll
0x00007ffc2d1d0000 - 0x00007ffc2d476000 	C:\WINDOWS\SYSTEM32\iertutil.dll
0x00007ffc38640000 - 0x00007ffc3864c000 	C:\WINDOWS\SYSTEM32\CRYPTBASE.DLL
0x00007ffc38470000 - 0x00007ffc384d7000 	C:\WINDOWS\system32\mswsock.dll
0x00007ffc37fe0000 - 0x00007ffc38013000 	C:\WINDOWS\system32\rsaenh.dll
0x00007ffc39ca0000 - 0x00007ffc39cc6000 	C:\WINDOWS\System32\bcrypt.dll
0x00007ffc38bb0000 - 0x00007ffc38bd5000 	C:\WINDOWS\SYSTEM32\USERENV.dll
0x00007ffc38180000 - 0x00007ffc381ba000 	C:\WINDOWS\SYSTEM32\IPHLPAPI.DLL
0x00007ffc3b330000 - 0x00007ffc3b338000 	C:\WINDOWS\System32\NSI.dll
0x00007ffc323c0000 - 0x00007ffc323d6000 	C:\WINDOWS\SYSTEM32\dhcpcsvc6.DLL
0x00007ffc323a0000 - 0x00007ffc323bc000 	C:\WINDOWS\SYSTEM32\dhcpcsvc.DLL
0x00007ffc381c0000 - 0x00007ffc3828b000 	C:\WINDOWS\SYSTEM32\DNSAPI.dll
0x00007ffc2d980000 - 0x00007ffc2d992000 	C:\Program Files\Java\jdk1.8.0_221\jre\bin\nio.dll
0x00007ffc2e2d0000 - 0x00007ffc2e2da000 	C:\Users\Administrator\AppData\Local\Temp\jansi-1.17.1-7911735926747545885.dll
0x00007ffc2e130000 - 0x00007ffc2e13a000 	C:\Users\Administrator\AppData\Local\Temp\jansi-1.17.1-192865896719326828.dll

VM Arguments:
jvm_args: -Dmaven.multiModuleProjectDirectory=E:\IntelliJ IDEA 2019.3.3\timall -Dmaven.home=E:\IntelliJ IDEA 2019.3.3\plugins\maven\lib\maven3 -Dclassworlds.conf=E:\IntelliJ IDEA 2019.3.3\plugins\maven\lib\maven3\bin\m2.conf -Dmaven.ext.class.path=E:\IntelliJ IDEA 2019.3.3\plugins\maven\lib\maven-event-listener.jar -javaagent:E:\IntelliJ IDEA 2019.3.3\lib\idea_rt.jar=61730:E:\IntelliJ IDEA 2019.3.3\bin -Dfile.encoding=UTF-8 
java_command: org.codehaus.classworlds.Launcher -Didea.version2019.3.3 -s C:\Users\Administrator\.m2\setting.xml org.apache.maven.plugins:maven-clean-plugin:3.1.0:clean
java_class_path (initial): E:\IntelliJ IDEA 2019.3.3\plugins\maven\lib\maven3\boot\plexus-classworlds-2.6.0.jar;E:\IntelliJ IDEA 2019.3.3\lib\idea_rt.jar
Launcher Type: SUN_STANDARD

Environment Variables:
JAVA_HOME=C:\Program Files\Java\jdk1.8.0_221
CLASSPATH=.;C:\Program Files\Java\jdk1.8.0_221\lib\dt.jar;C:\Program Files\Java\jdk1.8.0_221\lib\tools.jar;C:\Users\Administrator\Desktop\tomcat\apache-tomcat-8.5.73\lib\servlet-api.jar
PATH=E:\软件\VMware\bin\;C:\Program Files (x86)\Common Files\Oracle\Java\javapath;C:\Windows\system32;C:\Windows;C:\Windows\System32\Wbem;C:\Windows\System32\WindowsPowerShell\v1.0\;C:\Program Files (x86)\NVIDIA Corporation\PhysX\Common;C:\Program Files\Java\jdk1.8.0_221\bin;C:\Program Files\Java\jdk1.8.0_221\jre\bin;C:\WINDOWS\system32;C:\WINDOWS;C:\WINDOWS\System32\Wbem;C:\WINDOWS\System32\WindowsPowerShell\v1.0\;C:\WINDOWS\System32\OpenSSH\;C:\Program Files (x86)\Windows Kits\10\Windows Performance Toolkit\;E:\软件\Xshell\;C:\Users\Administrator\Desktop\tomcat\apache-tomcat-8.5.73\bin;E:\apache-maven-3.5.0\bin;C:\Program Files (x86)\MySQL\MySQL Server 5.5\bin;C:\Users\Administrator\AppData\Local\Microsoft\WindowsApps;E:\VSCode\Microsoft VS Code\bin;C:\Users\Administrator\AppData\Local\GitHubDesktop\bin
USERNAME=Administrator
OS=Windows_NT
PROCESSOR_IDENTIFIER=Intel64 Family 6 Model 60 Stepping 3, GenuineIntel



---------------  S Y S T E M  ---------------

OS: Windows 10.0 , 64 bit Build 18362 (10.0.18362.959)

CPU:total 4 (initial active 4) (2 cores per cpu, 2 threads per core) family 6 model 60 stepping 3, cmov, cx8, fxsr, mmx, sse, sse2, sse3, ssse3, sse4.1, sse4.2, popcnt, avx, avx2, aes, clmul, erms, lzcnt, ht, tsc, tscinvbit, bmi1, bmi2

Memory: 4k page, physical 8338384k(1094812k free), swap 16129964k(5160k free)

vm_info: Java HotSpot(TM) 64-Bit Server VM (25.221-b11) for windows-amd64 JRE (1.8.0_221-b11), built on Jul  4 2019 04:39:29 by "java_re" with MS VC++ 10.0 (VS2010)

time: Thu Apr 07 17:39:28 2022
timezone: 中国标准时间
elapsed time: 2 seconds (0d 0h 0m 2s)

