#
# A fatal error has been detected by the Java Runtime Environment:
#
#  EXCEPTION_STACK_OVERFLOW (0xc00000fd) at pc=0x000000006fee4d07, pid=14780, tid=0x0000000000004244
#
# JRE version: Java(TM) SE Runtime Environment (8.0_221-b11) (build 1.8.0_221-b11)
# Java VM: Java HotSpot(TM) 64-Bit Server VM (25.221-b11 mixed mode windows-amd64 compressed oops)
# Problematic frame:
# V  [jvm.dll+0x214d07]
#
# Failed to write core dump. Minidumps are not enabled by default on client versions of Windows
#
# If you would like to submit a bug report, please visit:
#   http://bugreport.java.com/bugreport/crash.jsp
#

---------------  T H R E A D  ---------------

Current thread (0x000000001c143000):  JavaThread "JMX server connection timeout 32" daemon [_thread_in_vm, id=16964, stack(0x000000001e3d0000,0x000000001e4d0000)]

siginfo: ExceptionCode=0xc00000fd, ExceptionInformation=0x0000000000000001 0x000000001e4cb740 

Registers:
RAX=0x000000001e4cb740, RBX=0x0000000000000005, RCX=0x0000000000004000, RDX=0x0000000000000006
RSP=0x000000001e4cf740, RBP=0x0000000000000000, RSI=0x000000001e4cf740, RDI=0x0000000000000005
R8 =0x0000000000000006, R9 =0x0000000019f2af00, R10=0x000000001780e3c0, R11=0x000000001e3da148
R12=0x0000000019f2af00, R13=0x000000001c143000, R14=0x000000001e4cf808, R15=0x000000001780e3c0
RIP=0x000000006fee4d07, EFLAGS=0x0000000000010202

Top of Stack: (sp=0x000000001e4cf740)
0x000000001e4cf740:   0000f0e3fc91d36f 0000000100006c48
0x000000001e4cf750:   000000001c143000 0000000019f2af00
0x000000001e4cf760:   00000000ffffffff 000000006fee5c37
0x000000001e4cf770:   000000001e4cf870 000000001780e3c0
0x000000001e4cf780:   000000001c143000 000000006fd91013
0x000000001e4cf790:   000000001e4cf7d0 000000001c143000
0x000000001e4cf7a0:   000000001e4cf860 000000001c143000
0x000000001e4cf7b0:   000000001780e3c0 000000001c143000
0x000000001e4cf7c0:   00000000035e3be0 000000001c143000
0x000000001e4cf7d0:   000000001780e3c0 000000001c143000
0x000000001e4cf7e0:   000000001780e3c0 000000001c143000
0x000000001e4cf7f0:   0000000000000001 000000001780e3c0
0x000000001e4cf800:   000000001c143000 0000000019ca87c0
0x000000001e4cf810:   000000001c143000 000000006fd9277d
0x000000001e4cf820:   000000001e4cfb28 0000000100006c48
0x000000001e4cf830:   0000000100006c48 0000000000000000 

Instructions: (pc=0x000000006fee4d07)
0x000000006fee4ce7:   48 89 6c 24 30 33 ed 66 90 e8 2b 5e 08 00 ff c3
0x000000006fee4cf7:   48 63 c8 48 8b c6 48 0f af cf 48 ff c7 48 2b c1
0x000000006fee4d07:   89 28 48 63 c3 48 3b 05 95 ab 59 00 7e db 48 8b
0x000000006fee4d17:   6c 24 30 48 8b 5c 24 38 48 8b 74 24 40 48 83 c4 


Register to memory mapping:

RAX=0x000000001e4cb740 is pointing into the stack for thread: 0x000000001c143000
RBX=0x0000000000000005 is an unknown value
RCX=0x0000000000004000 is an unknown value
RDX=0x0000000000000006 is an unknown value
RSP=0x000000001e4cf740 is pointing into the stack for thread: 0x000000001c143000
RBP=0x0000000000000000 is an unknown value
RSI=0x000000001e4cf740 is pointing into the stack for thread: 0x000000001c143000
RDI=0x0000000000000005 is an unknown value
R8 =0x0000000000000006 is an unknown value
R9 =0x0000000019f2af00 is an unknown value
R10={method} {0x000000001780e3c8} 'run' '()V' in 'java/lang/Thread'
R11=0x000000001e3da148 is pointing into the stack for thread: 0x000000001c143000
R12=0x0000000019f2af00 is an unknown value
R13=0x000000001c143000 is a thread
R14=0x000000001e4cf808 is pointing into the stack for thread: 0x000000001c143000
R15={method} {0x000000001780e3c8} 'run' '()V' in 'java/lang/Thread'


Stack: [0x000000001e3d0000,0x000000001e4d0000],  sp=0x000000001e4cf740,  free space=1021k
Native frames: (J=compiled Java code, j=interpreted, Vv=VM code, C=native code)


---------------  P R O C E S S  ---------------

Java Threads: ( => current thread )
=>0x000000001c143000 JavaThread "JMX server connection timeout 32" daemon [_thread_in_vm, id=16964, stack(0x000000001e3d0000,0x000000001e4d0000)]
  0x000000001bf47800 JavaThread "HikariPool-1 connection adder" daemon [_thread_blocked, id=5008, stack(0x000000001dcd0000,0x000000001ddd0000)]
  0x0000000019691000 JavaThread "HikariPool-1 housekeeper" daemon [_thread_blocked, id=14616, stack(0x000000001d9d0000,0x000000001dad0000)]
  0x000000001bce8800 JavaThread "Abandoned connection cleanup thread" daemon [_thread_blocked, id=15092, stack(0x000000001d0d0000,0x000000001d1d0000)]
  0x000000001b5e9000 JavaThread "RMI Scheduler(0)" daemon [_thread_blocked, id=11068, stack(0x000000001c7d0000,0x000000001c8d0000)]
  0x000000001b5f4800 JavaThread "RMI TCP Connection(1)-192.168.109.1" daemon [_thread_blocked, id=12008, stack(0x000000001b300000,0x000000001b400000)]
  0x000000001a19d800 JavaThread "restartedMain" [_thread_blocked, id=18288, stack(0x000000001ae00000,0x000000001af00000)]
  0x000000001a198800 JavaThread "Thread-1" [_thread_blocked, id=12164, stack(0x000000001ad00000,0x000000001ae00000)]
  0x0000000019e4d000 JavaThread "RMI TCP Accept-0" daemon [_thread_in_native, id=17344, stack(0x000000001a900000,0x000000001aa00000)]
  0x00000000198ed800 JavaThread "Service Thread" daemon [_thread_blocked, id=8472, stack(0x000000001a6f0000,0x000000001a7f0000)]
  0x00000000198ad800 JavaThread "C1 CompilerThread2" daemon [_thread_blocked, id=14868, stack(0x000000001a5f0000,0x000000001a6f0000)]
  0x00000000198aa000 JavaThread "C2 CompilerThread1" daemon [_thread_blocked, id=8400, stack(0x000000001a4f0000,0x000000001a5f0000)]
  0x00000000198a7800 JavaThread "C2 CompilerThread0" daemon [_thread_blocked, id=11860, stack(0x000000001a3f0000,0x000000001a4f0000)]
  0x0000000019b92800 JavaThread "Monitor Ctrl-Break" daemon [_thread_in_native, id=9988, stack(0x000000001a2f0000,0x000000001a3f0000)]
  0x00000000181a7800 JavaThread "Attach Listener" daemon [_thread_blocked, id=9104, stack(0x00000000199f0000,0x0000000019af0000)]
  0x0000000018194800 JavaThread "Signal Dispatcher" daemon [_thread_blocked, id=6692, stack(0x00000000198f0000,0x00000000199f0000)]
  0x00000000034ba800 JavaThread "Finalizer" daemon [_thread_blocked, id=10392, stack(0x00000000193f0000,0x00000000194f0000)]
  0x00000000034b7000 JavaThread "Reference Handler" daemon [_thread_blocked, id=14528, stack(0x00000000192f0000,0x00000000193f0000)]
  0x00000000033c7800 JavaThread "main" [_thread_blocked, id=10544, stack(0x00000000032c0000,0x00000000033c0000)]

Other Threads:
  0x0000000018147800 VMThread [stack: 0x00000000191f0000,0x00000000192f0000] [id=17860]
  0x0000000019e5b000 WatcherThread [stack: 0x000000001aa00000,0x000000001ab00000] [id=13456]

VM state:synchronizing (normal execution)

VM Mutex/Monitor currently owned by a thread:  ([mutex/lock_event])
[0x00000000032bddd0] Threads_lock - owner thread: 0x0000000018147800
[0x00000000032be550] Heap_lock - owner thread: 0x000000001a19d800

OutOfMemory and StackOverflow Exception counts:
OutOfMemoryError java_heap_errors=2

heap address: 0x0000000080c00000, size: 2036 MB, Compressed Oops mode: 32-bit
Narrow klass base: 0x0000000000000000, Narrow klass shift: 3
Compressed class space size: 1073741824 Address: 0x0000000100000000

Heap:
 PSYoungGen      total 252416K, used 41502K [0x00000000d5980000, 0x00000000e5d00000, 0x0000000100000000)
  eden space 239104K, 17% used [0x00000000d5980000,0x00000000d8207868,0x00000000e4300000)
  from space 13312K, 0% used [0x00000000e4300000,0x00000000e4300000,0x00000000e5000000)
  to   space 12288K, 0% used [0x00000000e5100000,0x00000000e5100000,0x00000000e5d00000)
 ParOldGen       total 70144K, used 11801K [0x0000000080c00000, 0x0000000085080000, 0x00000000d5980000)
  object space 70144K, 16% used [0x0000000080c00000,0x00000000817866e8,0x0000000085080000)
 Metaspace       used 40912K, capacity 42724K, committed 43136K, reserved 1093632K
  class space    used 5542K, capacity 5927K, committed 6016K, reserved 1048576K

Card table byte_map: [0x0000000012990000,0x0000000012d90000] byte_map_base: 0x000000001258a000

Marking Bits: (ParMarkBitMap*) 0x00000000704f5ce0
 Begin Bits: [0x0000000013440000, 0x0000000015410000)
 End Bits:   [0x0000000015410000, 0x00000000173e0000)

Polling page: 0x0000000001190000

CodeCache: size=245760Kb used=7359Kb max_used=7359Kb free=238400Kb
 bounds [0x00000000035d0000, 0x0000000003d00000, 0x00000000125d0000]
 total_blobs=4203 nmethods=3675 adapters=440
 compilation: enabled

Compilation events (10 events):
Event: 6.556 Thread 0x00000000198ad800 3660       1       java.util.Formatter::access$000 (5 bytes)
Event: 6.556 Thread 0x00000000198ad800 nmethod 3660 0x0000000003cfa0d0 code [0x0000000003cfa220, 0x0000000003cfa310]
Event: 6.556 Thread 0x00000000198ad800 3663       1       java.util.Collections$UnmodifiableMap$UnmodifiableEntrySet$UnmodifiableEntry::getKey (10 bytes)
Event: 6.556 Thread 0x00000000198ad800 nmethod 3663 0x0000000003cfa390 code [0x0000000003cfa4e0, 0x0000000003cfa628]
Event: 6.556 Thread 0x00000000198ad800 3664       1       java.util.Collections$UnmodifiableMap$UnmodifiableEntrySet$UnmodifiableEntry::getValue (10 bytes)
Event: 6.556 Thread 0x00000000198ad800 nmethod 3664 0x0000000003cfa690 code [0x0000000003cfa7e0, 0x0000000003cfa928]
Event: 6.560 Thread 0x00000000198ad800 3665       1       java.lang.Class$MethodArray::addInterfaceMethods (44 bytes)
Event: 6.560 Thread 0x00000000198ad800 nmethod 3665 0x0000000003cfa990 code [0x0000000003cfab00, 0x0000000003cfaca8]
Event: 6.580 Thread 0x00000000198ad800 3666       1       org.hibernate.service.spi.ServiceBinding::getService (5 bytes)
Event: 6.580 Thread 0x00000000198ad800 nmethod 3666 0x0000000003cfb1d0 code [0x0000000003cfb320, 0x0000000003cfb430]

GC Heap History (10 events):
Event: 6.601 GC heap before
{Heap before GC invocations=12 (full 3):
 PSYoungGen      total 252416K, used 7510K [0x00000000d5980000, 0x00000000e5d00000, 0x0000000100000000)
  eden space 239104K, 0% used [0x00000000d5980000,0x00000000d5980000,0x00000000e4300000)
  from space 13312K, 56% used [0x00000000e4300000,0x00000000e4a55828,0x00000000e5000000)
  to   space 12288K, 0% used [0x00000000e5100000,0x00000000e5100000,0x00000000e5d00000)
 ParOldGen       total 70144K, used 15909K [0x0000000080c00000, 0x0000000085080000, 0x00000000d5980000)
  object space 70144K, 22% used [0x0000000080c00000,0x0000000081b89618,0x0000000085080000)
 Metaspace       used 41075K, capacity 43016K, committed 43136K, reserved 1091584K
  class space    used 5560K, capacity 5957K, committed 6016K, reserved 1048576K
Event: 6.748 GC heap after
Heap after GC invocations=12 (full 3):
 PSYoungGen      total 252416K, used 0K [0x00000000d5980000, 0x00000000e5d00000, 0x0000000100000000)
  eden space 239104K, 0% used [0x00000000d5980000,0x00000000d5980000,0x00000000e4300000)
  from space 13312K, 0% used [0x00000000e4300000,0x00000000e4300000,0x00000000e5000000)
  to   space 12288K, 0% used [0x00000000e5100000,0x00000000e5100000,0x00000000e5d00000)
 ParOldGen       total 70144K, used 19810K [0x0000000080c00000, 0x0000000085080000, 0x00000000d5980000)
  object space 70144K, 28% used [0x0000000080c00000,0x0000000081f588a0,0x0000000085080000)
 Metaspace       used 41075K, capacity 43016K, committed 43136K, reserved 1089536K
  class space    used 5560K, capacity 5957K, committed 6016K, reserved 1048576K
}
Event: 6.757 GC heap before
{Heap before GC invocations=13 (full 3):
 PSYoungGen      total 252416K, used 3699K [0x00000000d5980000, 0x00000000e5d00000, 0x0000000100000000)
  eden space 239104K, 1% used [0x00000000d5980000,0x00000000d5d1ccf8,0x00000000e4300000)
  from space 13312K, 0% used [0x00000000e4300000,0x00000000e4300000,0x00000000e5000000)
  to   space 12288K, 0% used [0x00000000e5100000,0x00000000e5100000,0x00000000e5d00000)
 ParOldGen       total 70144K, used 19810K [0x0000000080c00000, 0x0000000085080000, 0x00000000d5980000)
  object space 70144K, 28% used [0x0000000080c00000,0x0000000081f588a0,0x0000000085080000)
 Metaspace       used 41114K, capacity 43048K, committed 43136K, reserved 1093632K
  class space    used 5576K, capacity 5989K, committed 6016K, reserved 1048576K
Event: 6.759 GC heap after
Heap after GC invocations=13 (full 3):
 PSYoungGen      total 251392K, used 192K [0x00000000d5980000, 0x00000000e5d00000, 0x0000000100000000)
  eden space 239104K, 0% used [0x00000000d5980000,0x00000000d5980000,0x00000000e4300000)
  from space 12288K, 1% used [0x00000000e5100000,0x00000000e5130000,0x00000000e5d00000)
  to   space 13312K, 0% used [0x00000000e4300000,0x00000000e4300000,0x00000000e5000000)
 ParOldGen       total 70144K, used 19810K [0x0000000080c00000, 0x0000000085080000, 0x00000000d5980000)
  object space 70144K, 28% used [0x0000000080c00000,0x0000000081f588a0,0x0000000085080000)
 Metaspace       used 41114K, capacity 43048K, committed 43136K, reserved 1093632K
  class space    used 5576K, capacity 5989K, committed 6016K, reserved 1048576K
}
Event: 6.759 GC heap before
{Heap before GC invocations=14 (full 4):
 PSYoungGen      total 251392K, used 192K [0x00000000d5980000, 0x00000000e5d00000, 0x0000000100000000)
  eden space 239104K, 0% used [0x00000000d5980000,0x00000000d5980000,0x00000000e4300000)
  from space 12288K, 1% used [0x00000000e5100000,0x00000000e5130000,0x00000000e5d00000)
  to   space 13312K, 0% used [0x00000000e4300000,0x00000000e4300000,0x00000000e5000000)
 ParOldGen       total 70144K, used 19810K [0x0000000080c00000, 0x0000000085080000, 0x00000000d5980000)
  object space 70144K, 28% used [0x0000000080c00000,0x0000000081f588a0,0x0000000085080000)
 Metaspace       used 41114K, capacity 43048K, committed 43136K, reserved 1093632K
  class space    used 5576K, capacity 5989K, committed 6016K, reserved 1048576K
Event: 6.797 GC heap after
Heap after GC invocations=14 (full 4):
 PSYoungGen      total 251392K, used 0K [0x00000000d5980000, 0x00000000e5d00000, 0x0000000100000000)
  eden space 239104K, 0% used [0x00000000d5980000,0x00000000d5980000,0x00000000e4300000)
  from space 12288K, 0% used [0x00000000e5100000,0x00000000e5100000,0x00000000e5d00000)
  to   space 13312K, 0% used [0x00000000e4300000,0x00000000e4300000,0x00000000e5000000)
 ParOldGen       total 70144K, used 15173K [0x0000000080c00000, 0x0000000085080000, 0x00000000d5980000)
  object space 70144K, 21% used [0x0000000080c00000,0x0000000081ad1528,0x0000000085080000)
 Metaspace       used 41114K, capacity 43048K, committed 43136K, reserved 1089536K
  class space    used 5576K, capacity 5989K, committed 6016K, reserved 1048576K
}
Event: 6.797 GC heap before
{Heap before GC invocations=15 (full 4):
 PSYoungGen      total 251392K, used 0K [0x00000000d5980000, 0x00000000e5d00000, 0x0000000100000000)
  eden space 239104K, 0% used [0x00000000d5980000,0x00000000d5980000,0x00000000e4300000)
  from space 12288K, 0% used [0x00000000e5100000,0x00000000e5100000,0x00000000e5d00000)
  to   space 13312K, 0% used [0x00000000e4300000,0x00000000e4300000,0x00000000e5000000)
 ParOldGen       total 70144K, used 15173K [0x0000000080c00000, 0x0000000085080000, 0x00000000d5980000)
  object space 70144K, 21% used [0x0000000080c00000,0x0000000081ad1528,0x0000000085080000)
 Metaspace       used 41114K, capacity 43048K, committed 43136K, reserved 1093632K
  class space    used 5576K, capacity 5989K, committed 6016K, reserved 1048576K
Event: 6.798 GC heap after
Heap after GC invocations=15 (full 4):
 PSYoungGen      total 252416K, used 0K [0x00000000d5980000, 0x00000000e5d00000, 0x0000000100000000)
  eden space 239104K, 0% used [0x00000000d5980000,0x00000000d5980000,0x00000000e4300000)
  from space 13312K, 0% used [0x00000000e4300000,0x00000000e4300000,0x00000000e5000000)
  to   space 12288K, 0% used [0x00000000e5100000,0x00000000e5100000,0x00000000e5d00000)
 ParOldGen       total 70144K, used 15173K [0x0000000080c00000, 0x0000000085080000, 0x00000000d5980000)
  object space 70144K, 21% used [0x0000000080c00000,0x0000000081ad1528,0x0000000085080000)
 Metaspace       used 41114K, capacity 43048K, committed 43136K, reserved 1093632K
  class space    used 5576K, capacity 5989K, committed 6016K, reserved 1048576K
}
Event: 6.798 GC heap before
{Heap before GC invocations=16 (full 5):
 PSYoungGen      total 252416K, used 0K [0x00000000d5980000, 0x00000000e5d00000, 0x0000000100000000)
  eden space 239104K, 0% used [0x00000000d5980000,0x00000000d5980000,0x00000000e4300000)
  from space 13312K, 0% used [0x00000000e4300000,0x00000000e4300000,0x00000000e5000000)
  to   space 12288K, 0% used [0x00000000e5100000,0x00000000e5100000,0x00000000e5d00000)
 ParOldGen       total 70144K, used 15173K [0x0000000080c00000, 0x0000000085080000, 0x00000000d5980000)
  object space 70144K, 21% used [0x0000000080c00000,0x0000000081ad1528,0x0000000085080000)
 Metaspace       used 41114K, capacity 43048K, committed 43136K, reserved 1093632K
  class space    used 5576K, capacity 5989K, committed 6016K, reserved 1048576K
Event: 6.879 GC heap after
Heap after GC invocations=16 (full 5):
 PSYoungGen      total 252416K, used 0K [0x00000000d5980000, 0x00000000e5d00000, 0x0000000100000000)
  eden space 239104K, 0% used [0x00000000d5980000,0x00000000d5980000,0x00000000e4300000)
  from space 13312K, 0% used [0x00000000e4300000,0x00000000e4300000,0x00000000e5000000)
  to   space 12288K, 0% used [0x00000000e5100000,0x00000000e5100000,0x00000000e5d00000)
 ParOldGen       total 70144K, used 11801K [0x0000000080c00000, 0x0000000085080000, 0x00000000d5980000)
  object space 70144K, 16% used [0x0000000080c00000,0x00000000817866e8,0x0000000085080000)
 Metaspace       used 40883K, capacity 42676K, committed 43136K, reserved 1089536K
  class space    used 5537K, capacity 5919K, committed 6016K, reserved 1048576K
}

Deoptimization events (0 events):
No events

Classes redefined (0 events):
No events

Internal exceptions (10 events):
Event: 6.181 Thread 0x000000001a19d800 Exception <a 'java/security/PrivilegedActionException'> (0x00000000d75618a0) thrown at [C:\re\workspace\8-2-build-windows-amd64-cygwin\jdk8u221\13320\hotspot\src\share\vm\prims\jvm.cpp, line 1502]
Event: 6.181 Thread 0x000000001a19d800 Exception <a 'java/security/PrivilegedActionException'> (0x00000000d7562438) thrown at [C:\re\workspace\8-2-build-windows-amd64-cygwin\jdk8u221\13320\hotspot\src\share\vm\prims\jvm.cpp, line 1502]
Event: 6.181 Thread 0x000000001a19d800 Exception <a 'java/security/PrivilegedActionException'> (0x00000000d7570768) thrown at [C:\re\workspace\8-2-build-windows-amd64-cygwin\jdk8u221\13320\hotspot\src\share\vm\prims\jvm.cpp, line 1502]
Event: 6.181 Thread 0x000000001a19d800 Exception <a 'java/security/PrivilegedActionException'> (0x00000000d7571118) thrown at [C:\re\workspace\8-2-build-windows-amd64-cygwin\jdk8u221\13320\hotspot\src\share\vm\prims\jvm.cpp, line 1502]
Event: 6.181 Thread 0x000000001a19d800 Exception <a 'java/security/PrivilegedActionException'> (0x00000000d757f870) thrown at [C:\re\workspace\8-2-build-windows-amd64-cygwin\jdk8u221\13320\hotspot\src\share\vm\prims\jvm.cpp, line 1502]
Event: 6.181 Thread 0x000000001a19d800 Exception <a 'java/security/PrivilegedActionException'> (0x00000000d7580220) thrown at [C:\re\workspace\8-2-build-windows-amd64-cygwin\jdk8u221\13320\hotspot\src\share\vm\prims\jvm.cpp, line 1502]
Event: 6.371 Thread 0x000000001b5f4800 Exception <a 'java/lang/reflect/InvocationTargetException'> (0x00000000d818a6b0) thrown at [C:\re\workspace\8-2-build-windows-amd64-cygwin\jdk8u221\13320\hotspot\src\share\vm\runtime\reflection.cpp, line 1092]
Event: 6.879 Thread 0x000000001a19d800 Exception <a 'java/lang/OutOfMemoryError'> (0x0000000080fd1450) thrown at [C:\re\workspace\8-2-build-windows-amd64-cygwin\jdk8u221\13320\hotspot\src\share\vm\memory\metaspace.cpp, line 3632]
Event: 6.880 Thread 0x000000001a19d800 Exception <a 'java/lang/OutOfMemoryError'> (0x0000000080fd1450) thrown at [C:\re\workspace\8-2-build-windows-amd64-cygwin\jdk8u221\13320\hotspot\src\share\vm\prims\jvm.cpp, line 1506]
Event: 6.880 Thread 0x000000001a19d800 Exception <a 'java/lang/reflect/InvocationTargetException'> (0x00000000d5a06ee8) thrown at [C:\re\workspace\8-2-build-windows-amd64-cygwin\jdk8u221\13320\hotspot\src\share\vm\runtime\reflection.cpp, line 1092]

Events (10 events):
Event: 6.756 loading class org/hibernate/property/access/internal/PropertyAccessFieldImpl done
Event: 6.756 loading class org/hibernate/property/access/spi/PropertyAccess
Event: 6.756 loading class org/hibernate/property/access/spi/PropertyAccess done
Event: 6.756 loading class org/hibernate/internal/util/ReflectHelper
Event: 6.756 loading class org/hibernate/internal/util/ReflectHelper done
Event: 6.757 Executing VM operation: CollectForMetadataAllocation
Event: 6.879 Executing VM operation: CollectForMetadataAllocation done
Event: 6.880 loading class org/hibernate/MappingException
Event: 6.880 loading class org/hibernate/MappingException done
Event: 6.880 Thread 0x000000001c143000 Thread added: 0x000000001c143000


Dynamic libraries:
0x00007ff7bfc80000 - 0x00007ff7bfcb7000 	C:\Program Files\Java\jdk1.8.0_221\bin\java.exe
0x00007ffc3bde0000 - 0x00007ffc3bfd0000 	C:\WINDOWS\SYSTEM32\ntdll.dll
0x00007ffc3a440000 - 0x00007ffc3a4f2000 	C:\WINDOWS\System32\KERNEL32.DLL
0x00007ffc39910000 - 0x00007ffc39bb4000 	C:\WINDOWS\System32\KERNELBASE.dll
0x00007ffc3b280000 - 0x00007ffc3b323000 	C:\WINDOWS\System32\ADVAPI32.dll
0x00007ffc3b340000 - 0x00007ffc3b3de000 	C:\WINDOWS\System32\msvcrt.dll
0x00007ffc3b170000 - 0x00007ffc3b207000 	C:\WINDOWS\System32\sechost.dll
0x00007ffc3a320000 - 0x00007ffc3a440000 	C:\WINDOWS\System32\RPCRT4.dll
0x00007ffc3a180000 - 0x00007ffc3a314000 	C:\WINDOWS\System32\USER32.dll
0x00007ffc39bc0000 - 0x00007ffc39be1000 	C:\WINDOWS\System32\win32u.dll
0x00007ffc3b0e0000 - 0x00007ffc3b106000 	C:\WINDOWS\System32\GDI32.dll
0x00007ffc38f00000 - 0x00007ffc39096000 	C:\WINDOWS\System32\gdi32full.dll
0x00007ffc38d60000 - 0x00007ffc38dfe000 	C:\WINDOWS\System32\msvcp_win.dll
0x00007ffc38e00000 - 0x00007ffc38efa000 	C:\WINDOWS\System32\ucrtbase.dll
0x00007ffc29a70000 - 0x00007ffc29cf4000 	C:\WINDOWS\WinSxS\amd64_microsoft.windows.common-controls_6595b64144ccf1df_6.0.18362.959_none_e6c7bbbf130c62bb\COMCTL32.dll
0x00007ffc3a630000 - 0x00007ffc3a965000 	C:\WINDOWS\System32\combase.dll
0x00007ffc39890000 - 0x00007ffc39910000 	C:\WINDOWS\System32\bcryptPrimitives.dll
0x00007ffc3a030000 - 0x00007ffc3a05e000 	C:\WINDOWS\System32\IMM32.DLL
0x0000000071bf0000 - 0x0000000071cc2000 	C:\Program Files\Java\jdk1.8.0_221\jre\bin\msvcr100.dll
0x000000006fcd0000 - 0x0000000070575000 	C:\Program Files\Java\jdk1.8.0_221\jre\bin\server\jvm.dll
0x00007ffc3bd90000 - 0x00007ffc3bd98000 	C:\WINDOWS\System32\PSAPI.DLL
0x00007ffc20a30000 - 0x00007ffc20a39000 	C:\WINDOWS\SYSTEM32\WSOCK32.dll
0x00007ffc3a110000 - 0x00007ffc3a17f000 	C:\WINDOWS\System32\WS2_32.dll
0x00007ffc36a80000 - 0x00007ffc36aa4000 	C:\WINDOWS\SYSTEM32\WINMM.dll
0x00007ffc31ea0000 - 0x00007ffc31eaa000 	C:\WINDOWS\SYSTEM32\VERSION.dll
0x00007ffc36a20000 - 0x00007ffc36a4d000 	C:\WINDOWS\SYSTEM32\WINMMBASE.dll
0x00007ffc39cd0000 - 0x00007ffc39d1a000 	C:\WINDOWS\System32\cfgmgr32.dll
0x00007ffc2e360000 - 0x00007ffc2e36f000 	C:\Program Files\Java\jdk1.8.0_221\jre\bin\verify.dll
0x00007ffc2e280000 - 0x00007ffc2e2a9000 	C:\Program Files\Java\jdk1.8.0_221\jre\bin\java.dll
0x00007ffc2dec0000 - 0x00007ffc2dee3000 	C:\Program Files\Java\jdk1.8.0_221\jre\bin\instrument.dll
0x00007ffc2e150000 - 0x00007ffc2e166000 	C:\Program Files\Java\jdk1.8.0_221\jre\bin\zip.dll
0x00007ffc3b6a0000 - 0x00007ffc3bd86000 	C:\WINDOWS\System32\SHELL32.dll
0x00007ffc3a500000 - 0x00007ffc3a5a9000 	C:\WINDOWS\System32\shcore.dll
0x00007ffc390a0000 - 0x00007ffc39822000 	C:\WINDOWS\System32\windows.storage.dll
0x00007ffc38cc0000 - 0x00007ffc38ce3000 	C:\WINDOWS\System32\profapi.dll
0x00007ffc38d10000 - 0x00007ffc38d5a000 	C:\WINDOWS\System32\powrprof.dll
0x00007ffc38c90000 - 0x00007ffc38ca0000 	C:\WINDOWS\System32\UMPDC.dll
0x00007ffc39fd0000 - 0x00007ffc3a022000 	C:\WINDOWS\System32\shlwapi.dll
0x00007ffc38cf0000 - 0x00007ffc38d01000 	C:\WINDOWS\System32\kernel.appcore.dll
0x00007ffc39d20000 - 0x00007ffc39d37000 	C:\WINDOWS\System32\cryptsp.dll
0x00007ffc2dea0000 - 0x00007ffc2deba000 	E:\IntelliJ IDEA 2019.3.3\bin\breakgen64.dll
0x00007ffc2de20000 - 0x00007ffc2de3a000 	C:\Program Files\Java\jdk1.8.0_221\jre\bin\net.dll
0x00007ffc2aab0000 - 0x00007ffc2ac86000 	C:\WINDOWS\SYSTEM32\urlmon.dll
0x00007ffc2d1d0000 - 0x00007ffc2d476000 	C:\WINDOWS\SYSTEM32\iertutil.dll
0x00007ffc38640000 - 0x00007ffc3864c000 	C:\WINDOWS\SYSTEM32\CRYPTBASE.DLL
0x00007ffc38470000 - 0x00007ffc384d7000 	C:\WINDOWS\system32\mswsock.dll
0x00007ffc381c0000 - 0x00007ffc3828b000 	C:\WINDOWS\SYSTEM32\DNSAPI.dll
0x00007ffc3b330000 - 0x00007ffc3b338000 	C:\WINDOWS\System32\NSI.dll
0x00007ffc38180000 - 0x00007ffc381ba000 	C:\WINDOWS\SYSTEM32\IPHLPAPI.DLL
0x0000000063560000 - 0x0000000063569000 	C:\Program Files\National Instruments\Shared\mDNS Responder\nimdnsNSP.dll
0x0000000063550000 - 0x000000006355e000 	C:\WINDOWS\SYSTEM32\nimdnsResponder.dll
0x0000000072260000 - 0x0000000072303000 	C:\WINDOWS\WinSxS\amd64_microsoft.vc90.crt_1fc8b3b9a1e18e3b_9.0.30729.9619_none_08e065a3a84109b0\MSVCR90.dll
0x00007ffc30e00000 - 0x00007ffc30e0a000 	C:\Windows\System32\rasadhlp.dll
0x00007ffc31db0000 - 0x00007ffc31e27000 	C:\WINDOWS\System32\fwpuclnt.dll
0x00007ffc39ca0000 - 0x00007ffc39cc6000 	C:\WINDOWS\System32\bcrypt.dll
0x00007ffc2e140000 - 0x00007ffc2e14d000 	C:\Program Files\Java\jdk1.8.0_221\jre\bin\management.dll
0x00007ffc2d980000 - 0x00007ffc2d992000 	C:\Program Files\Java\jdk1.8.0_221\jre\bin\nio.dll
0x00007ffc37fe0000 - 0x00007ffc38013000 	C:\WINDOWS\system32\rsaenh.dll
0x00007ffc38bb0000 - 0x00007ffc38bd5000 	C:\WINDOWS\SYSTEM32\USERENV.dll
0x00007ffc323c0000 - 0x00007ffc323d6000 	C:\WINDOWS\SYSTEM32\dhcpcsvc6.DLL
0x00007ffc323a0000 - 0x00007ffc323bc000 	C:\WINDOWS\SYSTEM32\dhcpcsvc.DLL
0x00007ffc26490000 - 0x00007ffc264a6000 	C:\WINDOWS\system32\napinsp.dll
0x00007ffc25400000 - 0x00007ffc2541a000 	C:\WINDOWS\system32\pnrpnsp.dll
0x00007ffc27170000 - 0x00007ffc2717e000 	C:\WINDOWS\System32\winrnr.dll
0x00007ffc350f0000 - 0x00007ffc3510c000 	C:\WINDOWS\system32\NLAapi.dll
0x00007ffc33d60000 - 0x00007ffc33d75000 	C:\WINDOWS\system32\wshbth.dll
0x00007ffc24240000 - 0x00007ffc24264000 	C:\Program Files\Java\jdk1.8.0_221\jre\bin\sunec.dll

VM Arguments:
jvm_args: -XX:TieredStopAtLevel=1 -Xverify:none -Dspring.output.ansi.enabled=always -Dcom.sun.management.jmxremote -Dspring.jmx.enabled=true -Dspring.liveBeansView.mbeanDomain -Dspring.application.admin.enabled=true -javaagent:E:\IntelliJ IDEA 2019.3.3\lib\idea_rt.jar=62332:E:\IntelliJ IDEA 2019.3.3\bin -Dfile.encoding=UTF-8 
java_command: com.mo.timall.TimallApplication
java_class_path (initial): C:\Program Files\Java\jdk1.8.0_221\jre\lib\charsets.jar;C:\Program Files\Java\jdk1.8.0_221\jre\lib\deploy.jar;C:\Program Files\Java\jdk1.8.0_221\jre\lib\ext\access-bridge-64.jar;C:\Program Files\Java\jdk1.8.0_221\jre\lib\ext\cldrdata.jar;C:\Program Files\Java\jdk1.8.0_221\jre\lib\ext\dnsns.jar;C:\Program Files\Java\jdk1.8.0_221\jre\lib\ext\jaccess.jar;C:\Program Files\Java\jdk1.8.0_221\jre\lib\ext\jfxrt.jar;C:\Program Files\Java\jdk1.8.0_221\jre\lib\ext\localedata.jar;C:\Program Files\Java\jdk1.8.0_221\jre\lib\ext\nashorn.jar;C:\Program Files\Java\jdk1.8.0_221\jre\lib\ext\sunec.jar;C:\Program Files\Java\jdk1.8.0_221\jre\lib\ext\sunjce_provider.jar;C:\Program Files\Java\jdk1.8.0_221\jre\lib\ext\sunmscapi.jar;C:\Program Files\Java\jdk1.8.0_221\jre\lib\ext\sunpkcs11.jar;C:\Program Files\Java\jdk1.8.0_221\jre\lib\ext\zipfs.jar;C:\Program Files\Java\jdk1.8.0_221\jre\lib\javaws.jar;C:\Program Files\Java\jdk1.8.0_221\jre\lib\jce.jar;C:\Program Files\Java\jdk1.8.0_221\jre\lib\jfr.jar;C:\Program Files\Java\jdk1.8.0_221\jre\lib\jfxswt.jar;C:\Program Files\Java\jdk1.8.0_221\jre\lib\jsse.jar;C:\Program Files\Java\jdk1.8.0_221\jre\lib\management-agent.jar;C:\Program Files\Java\jdk1.8.0_221\jre\lib\plugin.jar;C:\Program Files\Java\jdk1.8.0_221\jre\lib\resources.jar;C:\Program Files\Java\jdk1.8.0_221\jre\lib\rt.jar;E:\IntelliJ IDEA 2019.3.3\timall\target\classes;E:\Maven\repository\org\springframework\boot\spring-boot-starter-web\2.6.6\spring-boot-starter-web-2.6.6.jar;E:\Maven\repository\org\springframework\boot\spring-boot-starter\2.6.6\spring-boot-starter-2.6.6.jar;E:\Maven\repository\org\springframework\boot\spring-boot-starter-logging\2.6.6\spring-boot-starter-logging-2.6.6.jar;E:\Maven\repository\ch\qos\logback\logback-classic\1.2.11\logback-classic-1.2.11.jar;E:\Maven\repository\ch\qos\logback\logback-core\1.2.11\logback-core-1.2.11.jar;E:\Maven\repository\org\apache\logging\log4j\log4j-to-slf4j\2.17.2\log4j-to-slf4j-2.17.2.jar;E:\Maven\reposito
Launcher Type: SUN_STANDARD

Environment Variables:
JAVA_HOME=C:\Program Files\Java\jdk1.8.0_221
CLASSPATH=.;C:\Program Files\Java\jdk1.8.0_221\lib\dt.jar;C:\Program Files\Java\jdk1.8.0_221\lib\tools.jar;C:\Users\Administrator\Desktop\tomcat\apache-tomcat-8.5.73\lib\servlet-api.jar
PATH=E:\软件\VMware\bin\;C:\Program Files (x86)\Common Files\Oracle\Java\javapath;C:\Windows\system32;C:\Windows;C:\Windows\System32\Wbem;C:\Windows\System32\WindowsPowerShell\v1.0\;C:\Program Files (x86)\NVIDIA Corporation\PhysX\Common;C:\Program Files\Java\jdk1.8.0_221\bin;C:\Program Files\Java\jdk1.8.0_221\jre\bin;C:\WINDOWS\system32;C:\WINDOWS;C:\WINDOWS\System32\Wbem;C:\WINDOWS\System32\WindowsPowerShell\v1.0\;C:\WINDOWS\System32\OpenSSH\;C:\Program Files (x86)\Windows Kits\10\Windows Performance Toolkit\;E:\软件\Xshell\;C:\Users\Administrator\Desktop\tomcat\apache-tomcat-8.5.73\bin;E:\apache-maven-3.5.0\bin;C:\Program Files (x86)\MySQL\MySQL Server 5.5\bin;C:\Users\Administrator\AppData\Local\Microsoft\WindowsApps;E:\VSCode\Microsoft VS Code\bin;C:\Users\Administrator\AppData\Local\GitHubDesktop\bin
USERNAME=Administrator
OS=Windows_NT
PROCESSOR_IDENTIFIER=Intel64 Family 6 Model 60 Stepping 3, GenuineIntel



---------------  S Y S T E M  ---------------

OS: Windows 10.0 , 64 bit Build 18362 (10.0.18362.959)

CPU:total 4 (initial active 4) (2 cores per cpu, 2 threads per core) family 6 model 60 stepping 3, cmov, cx8, fxsr, mmx, sse, sse2, sse3, ssse3, sse4.1, sse4.2, popcnt, avx, avx2, aes, clmul, erms, lzcnt, ht, tsc, tscinvbit, bmi1, bmi2

Memory: 4k page, physical 8338384k(611168k free), swap 16129964k(4560k free)

vm_info: Java HotSpot(TM) 64-Bit Server VM (25.221-b11) for windows-amd64 JRE (1.8.0_221-b11), built on Jul  4 2019 04:39:29 by "java_re" with MS VC++ 10.0 (VS2010)

time: Tue Apr 12 13:06:45 2022
timezone: 中国标准时间
elapsed time: 6 seconds (0d 0h 0m 6s)

